<?xml version="1.0" encoding="UTF-8"?>
<testng-results skipped="0" failed="0" ignored="0" total="1" passed="1">
  <reporter-output>
  </reporter-output>
  <suite name="tests.TestRunner" duration-ms="8558" started-at="2018-08-24T10:09:04Z" finished-at="2018-08-24T10:09:13Z">
    <groups>
    </groups>
    <test name="Command line test" duration-ms="8558" started-at="2018-08-24T10:09:04Z" finished-at="2018-08-24T10:09:13Z">
      <class name="tests.TestRunner">
        <test-method status="PASS" signature="setUp()[pri:0, instance:tests.TestRunner@7921b0a2]" name="setUp" is-config="true" duration-ms="20008" started-at="2018-08-24T10:08:44Z" finished-at="2018-08-24T10:09:04Z">
          <reporter-output>
          </reporter-output>
        </test-method> <!-- setUp -->
        <test-method status="PASS" signature="test_SignUp()[pri:0, instance:tests.TestRunner@7921b0a2]" name="test_SignUp" duration-ms="7598" started-at="2018-08-24T10:09:04Z" finished-at="2018-08-24T10:09:12Z">
          <reporter-output>
          </reporter-output>
        </test-method> <!-- test_SignUp -->
        <test-method status="PASS" signature="tearDown()[pri:0, instance:tests.TestRunner@7921b0a2]" name="tearDown" is-config="true" duration-ms="948" started-at="2018-08-24T10:09:12Z" finished-at="2018-08-24T10:09:13Z">
          <reporter-output>
          </reporter-output>
        </test-method> <!-- tearDown -->
      </class> <!-- tests.TestRunner -->
    </test> <!-- Command line test -->
  </suite> <!-- tests.TestRunner -->
</testng-results>
